F:\PROJECT\QUANLYHOCVIEN\PROJECT\DEBUG\PROJECT.PCH
F:\PROJECT\QUANLYHOCVIEN\PROJECT\DEBUG\STDAFX.OBJ
F:\PROJECT\QUANLYHOCVIEN\PROJECT\DEBUG\VC110.PDB
F:\PROJECT\QUANLYHOCVIEN\PROJECT\DEBUG\PROJECT.OBJ
F:\PROJECT\QUANLYHOCVIEN\DEBUG\PROJECT.ILK
F:\PROJECT\QUANLYHOCVIEN\DEBUG\PROJECT.EXE
F:\PROJECT\QUANLYHOCVIEN\DEBUG\PROJECT.PDB
F:\PROJECT\QuanLyHocVien\Project\Debug\Project.obj
F:\PROJECT\QuanLyHocVien\Project\Debug\stdafx.obj
F:\PROJECT\QuanLyHocVien\Project\Debug\cl.command.1.tlog
F:\PROJECT\QuanLyHocVien\Project\Debug\CL.read.1.tlog
F:\PROJECT\QuanLyHocVien\Project\Debug\CL.write.1.tlog
F:\PROJECT\QuanLyHocVien\Project\Debug\link-cvtres.read.1.tlog
F:\PROJECT\QuanLyHocVien\Project\Debug\link-cvtres.write.1.tlog
F:\PROJECT\QuanLyHocVien\Project\Debug\link-rc.read.1.tlog
F:\PROJECT\QuanLyHocVien\Project\Debug\link-rc.write.1.tlog
F:\PROJECT\QuanLyHocVien\Project\Debug\link.10068-cvtres.read.1.tlog
F:\PROJECT\QuanLyHocVien\Project\Debug\link.10068-cvtres.write.1.tlog
F:\PROJECT\QuanLyHocVien\Project\Debug\link.10068-rc.read.1.tlog
F:\PROJECT\QuanLyHocVien\Project\Debug\link.10068-rc.write.1.tlog
F:\PROJECT\QuanLyHocVien\Project\Debug\link.10068.read.1.tlog
F:\PROJECT\QuanLyHocVien\Project\Debug\link.10068.write.1.tlog
F:\PROJECT\QuanLyHocVien\Project\Debug\link.10232-cvtres.read.1.tlog
F:\PROJECT\QuanLyHocVien\Project\Debug\link.10232-cvtres.write.1.tlog
F:\PROJECT\QuanLyHocVien\Project\Debug\link.10232-rc.read.1.tlog
F:\PROJECT\QuanLyHocVien\Project\Debug\link.10232-rc.write.1.tlog
F:\PROJECT\QuanLyHocVien\Project\Debug\link.10232.read.1.tlog
F:\PROJECT\QuanLyHocVien\Project\Debug\link.10232.write.1.tlog
F:\PROJECT\QuanLyHocVien\Project\Debug\link.1288-cvtres.read.1.tlog
F:\PROJECT\QuanLyHocVien\Project\Debug\link.1288-cvtres.write.1.tlog
F:\PROJECT\QuanLyHocVien\Project\Debug\link.1288-rc.read.1.tlog
F:\PROJECT\QuanLyHocVien\Project\Debug\link.1288-rc.write.1.tlog
F:\PROJECT\QuanLyHocVien\Project\Debug\link.1288.read.1.tlog
F:\PROJECT\QuanLyHocVien\Project\Debug\link.1288.write.1.tlog
F:\PROJECT\QuanLyHocVien\Project\Debug\link.2684-cvtres.read.1.tlog
F:\PROJECT\QuanLyHocVien\Project\Debug\link.2684-cvtres.write.1.tlog
F:\PROJECT\QuanLyHocVien\Project\Debug\link.2684-rc.read.1.tlog
F:\PROJECT\QuanLyHocVien\Project\Debug\link.2684-rc.write.1.tlog
F:\PROJECT\QuanLyHocVien\Project\Debug\link.2684.read.1.tlog
F:\PROJECT\QuanLyHocVien\Project\Debug\link.2684.write.1.tlog
F:\PROJECT\QuanLyHocVien\Project\Debug\link.3468-cvtres.read.1.tlog
F:\PROJECT\QuanLyHocVien\Project\Debug\link.3468-cvtres.write.1.tlog
F:\PROJECT\QuanLyHocVien\Project\Debug\link.3468-rc.read.1.tlog
F:\PROJECT\QuanLyHocVien\Project\Debug\link.3468-rc.write.1.tlog
F:\PROJECT\QuanLyHocVien\Project\Debug\link.3468.read.1.tlog
F:\PROJECT\QuanLyHocVien\Project\Debug\link.3468.write.1.tlog
F:\PROJECT\QuanLyHocVien\Project\Debug\link.5488-cvtres.read.1.tlog
F:\PROJECT\QuanLyHocVien\Project\Debug\link.5488-cvtres.write.1.tlog
F:\PROJECT\QuanLyHocVien\Project\Debug\link.5488-rc.read.1.tlog
F:\PROJECT\QuanLyHocVien\Project\Debug\link.5488-rc.write.1.tlog
F:\PROJECT\QuanLyHocVien\Project\Debug\link.5488.read.1.tlog
F:\PROJECT\QuanLyHocVien\Project\Debug\link.5488.write.1.tlog
F:\PROJECT\QuanLyHocVien\Project\Debug\link.6160-cvtres.read.1.tlog
F:\PROJECT\QuanLyHocVien\Project\Debug\link.6160-cvtres.write.1.tlog
F:\PROJECT\QuanLyHocVien\Project\Debug\link.6160-rc.read.1.tlog
F:\PROJECT\QuanLyHocVien\Project\Debug\link.6160-rc.write.1.tlog
F:\PROJECT\QuanLyHocVien\Project\Debug\link.6160.read.1.tlog
F:\PROJECT\QuanLyHocVien\Project\Debug\link.6160.write.1.tlog
F:\PROJECT\QuanLyHocVien\Project\Debug\link.7492-cvtres.read.1.tlog
F:\PROJECT\QuanLyHocVien\Project\Debug\link.7492-cvtres.write.1.tlog
F:\PROJECT\QuanLyHocVien\Project\Debug\link.7492-rc.read.1.tlog
F:\PROJECT\QuanLyHocVien\Project\Debug\link.7492-rc.write.1.tlog
F:\PROJECT\QuanLyHocVien\Project\Debug\link.7492.read.1.tlog
F:\PROJECT\QuanLyHocVien\Project\Debug\link.7492.write.1.tlog
F:\PROJECT\QuanLyHocVien\Project\Debug\link.8900-cvtres.read.1.tlog
F:\PROJECT\QuanLyHocVien\Project\Debug\link.8900-cvtres.write.1.tlog
F:\PROJECT\QuanLyHocVien\Project\Debug\link.8900-rc.read.1.tlog
F:\PROJECT\QuanLyHocVien\Project\Debug\link.8900-rc.write.1.tlog
F:\PROJECT\QuanLyHocVien\Project\Debug\link.8900.read.1.tlog
F:\PROJECT\QuanLyHocVien\Project\Debug\link.8900.write.1.tlog
F:\PROJECT\QuanLyHocVien\Project\Debug\link.9688-cvtres.read.1.tlog
F:\PROJECT\QuanLyHocVien\Project\Debug\link.9688-cvtres.write.1.tlog
F:\PROJECT\QuanLyHocVien\Project\Debug\link.9688-rc.read.1.tlog
F:\PROJECT\QuanLyHocVien\Project\Debug\link.9688-rc.write.1.tlog
F:\PROJECT\QuanLyHocVien\Project\Debug\link.9688.read.1.tlog
F:\PROJECT\QuanLyHocVien\Project\Debug\link.9688.write.1.tlog
F:\PROJECT\QuanLyHocVien\Project\Debug\link.command.1.tlog
F:\PROJECT\QuanLyHocVien\Project\Debug\link.read.1.tlog
F:\PROJECT\QuanLyHocVien\Project\Debug\link.write.1.tlog
F:\PROJECT\QuanLyHocVien\Project\Debug\Project.pch
F:\PROJECT\QuanLyHocVien\Project\Debug\vc110.idb
F:\PROJECT\QuanLyHocVien\Project\Debug\vc110.pdb
F:\PROJECT\QuanLyHocVien\Debug\Project.pdb
F:\PROJECT\QuanLyHocVien\Debug\Project.exe
F:\PROJECT\QuanLyHocVien\Debug\Project.ilk
