Build started 26-Oct-18 4:01:53 PM.
     1>Project "F:\PROJECT\projectNew\Project.vcxproj" on node 2 (Build target(s)).
     1>ClCompile:
         C:\Program Files (x86)\Microsoft Visual Studio 12.0\VC\bin\CL.exe /c /ZI /nologo /W3 /WX- /sdl /Od /Oy- /D WIN32 /D _DEBUG /D _CONSOLE /D _UNICODE /D UNICODE /Gm /EHsc /RTC1 /MDd /GS /fp:precise /Zc:wchar_t /Zc:forScope /Yu"stdafx.h" /Fp"Debug\Project.pch" /Fo"Debug\\" /Fd"Debug\vc120.pdb" /Gd /TP /analyze- /errorReport:prompt Project.cpp
         Project.cpp
     1>f:\project\projectnew\user.h(39): warning C4018: '<' : signed/unsigned mismatch
     1>f:\project\projectnew\user.h(52): warning C4018: '<' : signed/unsigned mismatch
     1>f:\project\projectnew\course.h(60): warning C4018: '<' : signed/unsigned mismatch
     1>f:\project\projectnew\dohoa.h(191): warning C4800: 'SHORT' : forcing value to bool 'true' or 'false' (performance warning)
     1>f:\project\projectnew\mainwindow.h(148): warning C4244: 'argument' : conversion from 'time_t' to 'unsigned int', possible loss of data
     1>f:\project\projectnew\mainwindow.h(435): warning C4065: switch statement contains 'default' but no 'case' labels
     1>f:\project\projectnew\mainwindow.h(482): warning C4244: 'argument' : conversion from 'time_t' to 'unsigned int', possible loss of data
     1>f:\project\projectnew\mainwindow.h(759): warning C4065: switch statement contains 'default' but no 'case' labels
     1>f:\project\projectnew\datauser.h(133): warning C4715: 'DataUser::getUserFromId' : not all control paths return a value
     1>f:\project\projectnew\datacourse.h(140): warning C4715: 'DataCourse::getCourseFromId' : not all control paths return a value
       Link:
         C:\Program Files (x86)\Microsoft Visual Studio 12.0\VC\bin\link.exe /ERRORREPORT:PROMPT /OUT:"F:\PROJECT\projectNew\Debug\Project.exe" /INCREMENTAL /NOLOGO kernel32.lib user32.lib gdi32.lib winspool.lib comdlg32.lib advapi32.lib shell32.lib ole32.lib oleaut32.lib uuid.lib odbc32.lib odbccp32.lib /MANIFEST /MANIFESTUAC:"level='asInvoker' uiAccess='false'" /manifest:embed /DEBUG /PDB:"F:\PROJECT\projectNew\Debug\Project.pdb" /SUBSYSTEM:CONSOLE /TLBID:1 /DYNAMICBASE /NXCOMPAT /IMPLIB:"F:\PROJECT\projectNew\Debug\Project.lib" /MACHINE:X86 Debug\Project.obj
         Debug\stdafx.obj
         Project.vcxproj -> F:\PROJECT\projectNew\Debug\Project.exe
     1>Done Building Project "F:\PROJECT\projectNew\Project.vcxproj" (Build target(s)).

Build succeeded.

Time Elapsed 00:00:00.82
